SF:/mnt/dev-1/Development/google/dart/projects/mqtt_client/lib/src/messages/subscribeack/mqtt_client_mqtt_subscribe_ack_payload.dart
DA:19,2
DA:24,1
DA:25,1
DA:26,1
DA:27,1
DA:32,2
DA:33,2
DA:40,5
DA:42,1
DA:43,2
DA:44,1
DA:45,1
DA:51,2
DA:56,4
DA:61,2
DA:65,1
DA:66,4
DA:67,2
DA:68,2
DA:70,1
end_of_record
SF:/mnt/dev-1/Development/google/dart/projects/mqtt_client/lib/src/messages/publishrelease/mqtt_client_mqtt_publish_release_variable_header.dart
DA:13,2
DA:16,1
DA:17,1
DA:22,1
DA:27,1
DA:36,4
end_of_record
SF:/mnt/dev-1/Development/google/dart/projects/mqtt_client/lib/src/messages/publishcomplete/mqtt_client_mqtt_publish_complete_message.dart
DA:16,2
DA:17,6
DA:18,4
DA:23,1
DA:24,1
DA:25,1
DA:26,1
DA:31,4
DA:32,2
DA:37,4
DA:42,2
DA:43,4
DA:44,6
DA:45,2
end_of_record
SF:/mnt/dev-1/Development/google/dart/projects/mqtt_client/lib/src/messages/connect/mqtt_client_mqtt_connect_flags.dart
DA:21,6
DA:24,4
DA:25,4
DA:29,8
DA:30,12
DA:31,12
DA:32,16
DA:33,12
DA:34,12
DA:35,8
DA:40,8
DA:45,4
DA:47,12
DA:48,12
DA:49,12
DA:50,16
DA:51,12
DA:52,12
DA:53,12
DA:63,20
DA:64,16
end_of_record
SF:/mnt/dev-1/Development/google/dart/projects/mqtt_client/lib/src/dataconvertors/mqtt_client_passthru_payload_convertor.dart
end_of_record
SF:/mnt/dev-1/Development/google/dart/projects/mqtt_client/lib/src/messages/publish/mqtt_client_mqtt_publish_variable_header.dart
DA:16,4
DA:17,4
DA:22,2
DA:23,2
DA:24,2
DA:29,2
DA:30,6
DA:31,6
DA:32,1
DA:38,2
DA:39,6
DA:40,6
DA:41,2
DA:48,2
DA:49,6
DA:50,6
DA:51,6
DA:52,2
DA:58,12
end_of_record
SF:/mnt/dev-1/Development/google/dart/projects/mqtt_client/lib/src/mqtt_client_mqtt_received_message.dart
DA:19,1
DA:20,1
DA:21,1
end_of_record
SF:/mnt/dev-1/Development/google/dart/projects/mqtt_client/lib/src/mqtt_client.dart
DA:15,2
DA:16,2
DA:23,0
DA:58,1
DA:59,2
DA:69,0
DA:70,0
DA:72,0
DA:73,0
DA:75,0
DA:76,0
DA:77,0
DA:82,0
DA:83,0
DA:85,0
DA:86,0
DA:87,0
DA:89,2
DA:90,1
DA:91,0
DA:92,0
DA:94,1
DA:95,0
DA:96,0
DA:97,0
DA:98,0
DA:100,3
DA:101,1
DA:102,3
DA:103,2
DA:104,2
DA:105,1
DA:106,3
DA:107,2
DA:108,0
DA:113,1
DA:114,2
DA:115,2
DA:116,1
DA:117,1
DA:118,1
DA:120,1
DA:129,0
DA:130,0
DA:132,0
DA:140,3
DA:141,0
DA:144,1
DA:145,2
DA:147,0
DA:153,0
DA:158,0
DA:163,2
DA:164,1
DA:165,1
DA:166,2
DA:167,1
DA:168,1
end_of_record
SF:/mnt/dev-1/Development/google/dart/projects/mqtt_client/lib/src/messages/subscribeack/mqtt_client_mqtt_subscribe_ack_variable_header.dart
DA:13,2
DA:16,1
DA:17,1
DA:22,1
DA:27,1
DA:36,2
end_of_record
SF:/mnt/dev-1/Development/google/dart/projects/mqtt_client/lib/src/exception/mqtt_client_client_identifier_exception.dart
DA:14,1
DA:15,1
DA:17,1
DA:19,1
DA:23,1
end_of_record
SF:/mnt/dev-1/Development/google/dart/projects/mqtt_client/lib/src/messages/subscribeack/mqtt_client_mqtt_subscribe_ack_message.dart
DA:19,2
DA:20,6
DA:21,4
DA:22,4
DA:27,1
DA:28,1
DA:29,1
DA:34,2
DA:35,5
DA:37,2
DA:38,2
DA:43,1
DA:44,1
DA:45,2
DA:46,2
DA:51,4
DA:57,4
DA:62,1
DA:63,2
DA:64,3
DA:65,3
DA:66,1
end_of_record
SF:/mnt/dev-1/Development/google/dart/projects/mqtt_client/lib/src/messages/subscribe/mqtt_client_mqtt_subscribe_message.dart
DA:21,2
DA:22,6
DA:23,4
DA:24,4
DA:29,1
DA:30,1
DA:31,1
DA:36,2
DA:37,5
DA:39,2
DA:40,2
DA:45,1
DA:46,1
DA:47,2
DA:48,2
DA:54,2
DA:55,4
DA:61,8
DA:62,8
DA:69,4
DA:75,2
DA:82,2
DA:87,2
DA:88,4
DA:89,6
DA:90,6
DA:91,2
end_of_record
SF:/mnt/dev-1/Development/google/dart/projects/mqtt_client/lib/src/messages/unsubscribe/mqtt_client_mqtt_unsubscribe_message.dart
DA:19,2
DA:20,6
DA:21,4
DA:22,4
DA:27,1
DA:28,1
DA:29,1
DA:34,2
DA:35,5
DA:37,2
DA:38,2
DA:43,1
DA:44,1
DA:45,2
DA:46,2
DA:51,4
DA:57,4
DA:63,2
DA:70,2
DA:75,2
DA:76,4
DA:77,6
DA:78,6
DA:79,2
end_of_record
SF:/mnt/dev-1/Development/google/dart/projects/mqtt_client/lib/src/connectionhandling/mqtt_client_mqtt_connection.dart
DA:13,3
DA:14,6
DA:33,3
DA:36,0
DA:37,0
DA:42,0
DA:43,0
DA:48,3
DA:49,15
DA:54,3
DA:56,6
DA:59,9
DA:65,3
DA:66,3
DA:68,0
DA:72,6
DA:73,6
DA:74,3
DA:80,2
DA:86,0
DA:87,0
DA:88,0
DA:95,2
DA:96,0
DA:102,6
DA:103,9
DA:108,0
DA:109,0
end_of_record
SF:/mnt/dev-1/Development/google/dart/projects/mqtt_client/lib/src/messages/mqtt_client_mqtt_message_factory.dart
DA:16,4
DA:17,4
DA:18,4
DA:20,4
DA:22,4
DA:24,4
DA:25,2
DA:27,4
DA:29,1
DA:31,4
DA:33,1
DA:35,4
DA:37,1
DA:39,4
DA:41,1
DA:43,4
DA:45,1
DA:47,4
DA:49,1
DA:51,4
DA:53,1
DA:55,4
DA:57,1
DA:59,4
DA:60,4
DA:62,1
DA:63,1
DA:65,1
DA:66,1
DA:69,1
DA:71,1
end_of_record
SF:/mnt/dev-1/Development/google/dart/projects/mqtt_client/lib/src/messages/publishcomplete/mqtt_client_mqtt_publish_complete_variable_header.dart
DA:13,2
DA:17,1
DA:18,1
DA:23,1
DA:28,1
DA:37,4
end_of_record
SF:/mnt/dev-1/Development/google/dart/projects/mqtt_client/lib/src/connectionhandling/mqtt_client_mqtt_normal_connection.dart
DA:14,1
DA:17,0
DA:18,0
DA:23,1
DA:26,2
DA:27,1
DA:28,2
DA:29,1
DA:30,1
DA:31,2
DA:34,0
DA:35,0
DA:37,1
end_of_record
SF:/mnt/dev-1/Development/google/dart/projects/mqtt_client/lib/src/messages/pingresponse/mqtt_client_mqtt_ping_response_message.dart
DA:13,3
DA:14,9
DA:18,1
DA:19,1
DA:23,1
DA:24,2
DA:25,1
end_of_record
SF:/mnt/dev-1/Development/google/dart/projects/mqtt_client/lib/src/messages/publish/mqtt_client_mqtt_publish_payload.dart
DA:19,4
DA:20,8
DA:25,2
DA:26,2
DA:27,2
DA:28,2
DA:36,10
DA:37,4
DA:42,4
DA:47,4
DA:52,15
DA:57,3
DA:58,6
DA:59,3
DA:60,3
DA:61,3
DA:63,3
DA:68,1
DA:69,2
DA:70,1
DA:72,1
end_of_record
SF:/mnt/dev-1/Development/google/dart/projects/mqtt_client/lib/src/messages/unsubscribeack/mqtt_client_mqtt_unsubscribe_ack_message.dart
DA:16,2
DA:17,6
DA:18,4
DA:23,1
DA:24,1
DA:25,1
DA:30,4
DA:31,2
DA:36,1
DA:37,1
DA:42,4
DA:47,1
DA:48,2
DA:49,3
DA:50,1
end_of_record
SF:/mnt/dev-1/Development/google/dart/projects/mqtt_client/lib/src/messages/publishack/mqtt_client_mqtt_publish_ack_message.dart
DA:16,3
DA:17,9
DA:18,6
DA:23,1
DA:24,1
DA:25,1
DA:26,1
DA:31,4
DA:32,2
DA:37,6
DA:42,3
DA:43,6
DA:44,9
DA:45,3
end_of_record
SF:/mnt/dev-1/Development/google/dart/projects/mqtt_client/lib/src/connectionhandling/mqtt_client_synchronous_mqtt_connection_handler.dart
DA:20,3
DA:23,3
DA:24,3
DA:25,3
DA:26,3
DA:27,1
DA:29,2
DA:30,2
DA:31,1
DA:33,1
DA:34,3
DA:36,1
DA:38,2
DA:40,9
DA:41,6
DA:42,9
DA:44,3
DA:46,3
DA:47,3
DA:48,6
DA:50,6
DA:51,3
DA:52,6
DA:53,6
DA:54,0
DA:56,6
DA:58,0
DA:59,0
DA:64,3
DA:65,6
DA:66,3
DA:67,1
DA:70,3
DA:72,3
DA:73,6
DA:74,3
DA:75,3
DA:76,3
DA:82,6
DA:83,3
DA:88,3
DA:90,3
DA:92,9
DA:94,9
DA:96,9
DA:98,9
DA:100,9
DA:102,0
DA:104,0
DA:107,3
DA:109,3
DA:112,0
end_of_record
SF:/mnt/dev-1/Development/google/dart/projects/mqtt_client/lib/src/exception/mqtt_client_invalid_header_exception.dart
DA:14,2
DA:15,2
DA:16,2
DA:20,1
end_of_record
SF:/mnt/dev-1/Development/google/dart/projects/mqtt_client/lib/src/exception/mqtt_client_invalid_message_exception.dart
DA:14,2
DA:15,2
DA:16,2
DA:20,1
end_of_record
SF:/mnt/dev-1/Development/google/dart/projects/mqtt_client/lib/src/mqtt_client_topic.dart
DA:24,4
DA:25,4
DA:26,12
DA:28,8
DA:29,4
DA:36,12
DA:37,1
DA:39,1
DA:40,2
DA:46,8
DA:47,8
DA:53,8
DA:54,1
DA:62,2
DA:71,4
DA:77,3
end_of_record
SF:/mnt/dev-1/Development/google/dart/projects/mqtt_client/lib/src/messages/subscribe/mqtt_client_mqtt_subscribe_variable_header.dart
DA:13,2
DA:16,1
DA:17,1
DA:22,1
DA:27,1
DA:36,4
end_of_record
SF:/mnt/dev-1/Development/google/dart/projects/mqtt_client/lib/src/mqtt_client_subscription_topic.dart
DA:15,4
DA:26,4
DA:28,2
DA:29,2
DA:30,2
DA:32,1
DA:39,4
DA:40,2
DA:41,1
DA:44,6
DA:45,4
DA:46,2
DA:47,1
DA:58,2
DA:62,3
DA:66,4
DA:67,2
DA:71,1
DA:74,1
DA:78,3
DA:84,2
DA:86,1
DA:93,4
DA:94,5
end_of_record
SF:/mnt/dev-1/Development/google/dart/projects/mqtt_client/lib/src/messages/connectack/mqtt_client_mqtt_connect_ack_variable_header.dart
DA:13,4
DA:17,4
DA:22,4
DA:23,4
DA:29,4
DA:30,4
DA:42,8
end_of_record
SF:/mnt/dev-1/Development/google/dart/projects/mqtt_client/lib/src/messages/connect/mqtt_client_mqtt_connect_variable_header.dart
DA:13,4
DA:17,4
DA:21,4
DA:22,4
DA:23,4
DA:24,4
DA:29,4
DA:30,4
DA:31,4
DA:32,4
DA:38,4
DA:39,12
DA:40,4
DA:41,8
DA:42,4
DA:48,8
DA:49,16
end_of_record
SF:/mnt/dev-1/Development/google/dart/projects/mqtt_client/lib/src/mqtt_client_events.dart
DA:13,3
DA:18,3
DA:24,2
DA:29,1
DA:34,1
end_of_record
SF:/mnt/dev-1/Development/google/dart/projects/mqtt_client/lib/src/messages/mqtt_client_mqtt_variable_header.dart
DA:41,6
DA:42,12
DA:43,12
DA:44,12
DA:48,4
DA:49,4
DA:56,1
DA:57,1
DA:58,1
DA:59,1
DA:60,1
DA:61,1
DA:62,1
DA:69,1
DA:70,1
DA:71,1
DA:72,1
DA:73,1
DA:74,1
DA:75,1
DA:82,1
DA:83,3
DA:84,1
DA:85,2
DA:86,1
DA:87,1
DA:88,4
DA:89,1
DA:96,8
DA:100,8
DA:104,8
DA:108,12
DA:112,6
DA:116,4
DA:120,8
DA:126,8
DA:127,20
DA:131,8
DA:132,8
DA:136,8
DA:137,8
DA:141,12
DA:142,8
DA:146,4
DA:147,10
DA:151,4
DA:152,4
DA:156,8
DA:157,8
end_of_record
SF:/mnt/dev-1/Development/google/dart/projects/mqtt_client/lib/src/messages/publish/mqtt_client_mqtt_publish_message.dart
DA:19,4
DA:20,12
DA:21,12
DA:22,8
DA:27,2
DA:28,2
DA:29,2
DA:34,2
DA:35,4
DA:36,2
DA:37,4
DA:38,4
DA:43,4
DA:44,4
DA:45,6
DA:46,4
DA:47,4
DA:52,8
DA:58,12
DA:64,8
DA:70,8
DA:76,3
DA:81,3
DA:82,6
DA:83,9
DA:84,9
DA:85,3
end_of_record
SF:/mnt/dev-1/Development/google/dart/projects/mqtt_client/lib/src/messages/unsubscribe/mqtt_client_mqtt_unsubscribe_payload.dart
DA:19,2
DA:24,1
DA:25,1
DA:26,1
DA:27,1
DA:32,2
DA:33,1
DA:40,5
DA:42,1
DA:43,1
DA:44,3
DA:45,1
DA:52,1
DA:53,2
DA:54,2
DA:61,4
DA:66,2
DA:70,2
DA:71,8
DA:72,4
DA:73,4
DA:75,2
end_of_record
SF:/mnt/dev-1/Development/google/dart/projects/mqtt_client/lib/src/messages/disconnect/mqtt_client_mqtt_disconnect_message.dart
DA:13,4
DA:14,12
DA:18,1
DA:19,1
DA:23,4
DA:24,8
DA:25,4
end_of_record
SF:/mnt/dev-1/Development/google/dart/projects/mqtt_client/lib/src/exception/mqtt_client_invalid_topic_exception.dart
DA:14,1
DA:15,1
DA:16,1
DA:19,1
end_of_record
SF:/mnt/dev-1/Development/google/dart/projects/mqtt_client/lib/src/exception/mqtt_client_invalid_payload_size_exception.dart
DA:14,2
DA:15,2
DA:17,2
DA:21,1
end_of_record
SF:/mnt/dev-1/Development/google/dart/projects/mqtt_client/lib/src/mqtt_client_publication_topic.dart
DA:14,8
DA:22,4
DA:23,1
end_of_record
SF:/mnt/dev-1/Development/google/dart/projects/mqtt_client/lib/src/utility/mqtt_client_logger.dart
DA:18,1
DA:19,2
end_of_record
SF:/mnt/dev-1/Development/google/dart/projects/mqtt_client/lib/src/messages/unsubscribeack/mqtt_client_mqtt_unsubscribe_ack_variable_header.dart
DA:13,2
DA:16,1
DA:17,1
DA:22,1
DA:27,1
DA:36,2
end_of_record
SF:/mnt/dev-1/Development/google/dart/projects/mqtt_client/lib/src/exception/mqtt_client_noconnection_exception.dart
DA:14,2
DA:15,2
DA:16,2
DA:20,2
end_of_record
SF:/mnt/dev-1/Development/google/dart/projects/mqtt_client/lib/src/messages/connect/mqtt_client_mqtt_connect_message.dart
DA:14,4
DA:15,12
DA:16,8
DA:17,12
DA:22,4
DA:23,4
DA:24,4
DA:29,2
DA:35,2
DA:41,6
DA:47,4
DA:53,3
DA:59,3
DA:65,3
DA:71,8
DA:77,2
DA:83,2
DA:90,4
DA:91,2
DA:94,4
DA:95,2
DA:108,8
DA:109,20
DA:111,8
DA:112,8
DA:117,4
DA:118,4
DA:119,8
DA:120,4
DA:124,4
DA:125,8
DA:126,12
DA:127,12
DA:128,4
end_of_record
SF:/mnt/dev-1/Development/google/dart/projects/mqtt_client/lib/src/messages/pingrequest/mqtt_client_mqtt_ping_request_message.dart
DA:13,4
DA:14,12
DA:18,4
DA:19,4
DA:23,4
DA:24,8
DA:25,4
end_of_record
SF:/mnt/dev-1/Development/google/dart/projects/mqtt_client/lib/src/mqtt_client_message_identifier_dispenser.dart
DA:22,6
DA:23,6
DA:27,3
DA:28,1
DA:30,2
end_of_record
SF:/mnt/dev-1/Development/google/dart/projects/mqtt_client/lib/src/connectionhandling/mqtt_client_mqtt_secure_connection.dart
DA:19,1
DA:22,0
DA:23,0
DA:28,1
DA:29,1
DA:32,1
DA:33,1
DA:34,1
DA:35,2
DA:36,2
DA:38,1
DA:39,0
DA:40,0
DA:41,0
DA:43,2
DA:44,1
DA:45,1
DA:46,2
DA:47,1
DA:48,1
DA:49,1
DA:50,2
DA:51,0
DA:54,0
DA:55,0
DA:56,0
DA:59,0
DA:60,0
DA:62,1
end_of_record
SF:/mnt/dev-1/Development/google/dart/projects/mqtt_client/lib/src/messages/connectack/mqtt_client_mqtt_connect_ack_message.dart
DA:14,4
DA:15,12
DA:16,8
DA:17,8
DA:25,4
DA:26,4
DA:27,4
DA:32,4
DA:33,4
DA:34,4
DA:39,16
DA:40,8
DA:45,8
DA:50,4
DA:51,8
DA:52,12
DA:53,4
end_of_record
SF:/mnt/dev-1/Development/google/dart/projects/mqtt_client/lib/src/messages/publishreceived/mqtt_client_mqtt_publish_received_variable_header.dart
DA:13,2
DA:17,1
DA:18,1
DA:23,1
DA:28,1
DA:37,4
end_of_record
SF:/mnt/dev-1/Development/google/dart/projects/mqtt_client/lib/src/messages/publishreceived/mqtt_client_mqtt_publish_received_message.dart
DA:16,2
DA:17,6
DA:18,4
DA:23,1
DA:24,1
DA:25,1
DA:26,1
DA:31,4
DA:32,2
DA:37,4
DA:42,2
DA:43,4
DA:44,6
DA:45,2
end_of_record
SF:/mnt/dev-1/Development/google/dart/projects/mqtt_client/lib/src/messages/mqtt_client_mqtt_payload.dart
DA:13,6
DA:16,0
DA:17,0
end_of_record
SF:/mnt/dev-1/Development/google/dart/projects/mqtt_client/lib/src/exception/mqtt_client_connection_exception.dart
DA:17,1
DA:18,1
DA:20,3
DA:24,1
end_of_record
SF:/mnt/dev-1/Development/google/dart/projects/mqtt_client/lib/src/mqtt_client_subscriptions_manager.dart
DA:34,2
DA:35,2
DA:36,2
DA:38,2
DA:39,4
DA:41,2
DA:42,4
DA:44,2
DA:45,4
DA:51,1
DA:53,1
DA:60,2
DA:63,2
DA:64,0
DA:69,0
DA:76,1
DA:79,2
DA:83,1
DA:84,1
DA:85,1
DA:86,1
DA:87,1
DA:88,2
DA:89,1
DA:90,3
DA:92,1
DA:93,2
DA:94,3
DA:95,2
DA:96,2
DA:97,1
DA:99,0
DA:106,3
DA:107,2
DA:109,3
DA:110,3
DA:117,1
DA:119,1
DA:120,2
DA:126,1
DA:127,2
DA:128,1
DA:129,1
DA:130,2
DA:136,1
DA:137,1
DA:138,3
DA:140,4
DA:141,1
DA:142,1
DA:143,2
DA:144,4
DA:145,4
DA:153,1
DA:156,2
DA:157,2
DA:158,2
DA:165,2
DA:166,2
DA:174,2
DA:177,2
DA:178,3
end_of_record
SF:/mnt/dev-1/Development/google/dart/projects/mqtt_client/lib/src/messages/publishack/mqtt_client_mqtt_publish_ack_variable_header.dart
DA:13,3
DA:16,1
DA:17,1
DA:22,1
DA:27,1
DA:36,6
end_of_record
SF:/mnt/dev-1/Development/google/dart/projects/mqtt_client/lib/src/encoding/mqtt_client_mqtt_encoding.dart
DA:17,5
DA:18,5
DA:19,15
DA:20,15
DA:21,15
DA:27,15
DA:32,10
DA:33,1
DA:36,20
DA:41,5
DA:42,10
DA:47,15
DA:48,10
DA:49,1
end_of_record
SF:/mnt/dev-1/Development/google/dart/projects/mqtt_client/lib/src/messages/connect/mqtt_client_mqtt_connect_payload.dart
DA:13,4
DA:14,4
DA:19,4
DA:20,4
DA:21,4
DA:26,4
DA:29,8
DA:30,0
DA:32,8
DA:33,0
DA:37,4
DA:43,1
DA:45,2
DA:48,1
DA:50,2
DA:56,8
DA:57,12
DA:58,2
DA:59,2
DA:61,12
DA:62,0
DA:64,12
DA:65,0
DA:71,8
DA:72,12
DA:73,2
DA:74,2
DA:76,12
DA:77,0
DA:79,12
DA:80,0
DA:86,4
DA:87,12
DA:88,12
DA:89,3
DA:90,3
DA:92,12
DA:93,0
DA:95,12
DA:96,0
end_of_record
SF:/mnt/dev-1/Development/google/dart/projects/mqtt_client/lib/src/dataconvertors/mqtt_client_ascii_payload_convertor.dart
DA:14,1
DA:15,2
DA:20,1
DA:21,1
DA:22,2
end_of_record
SF:/mnt/dev-1/Development/google/dart/projects/mqtt_client/lib/src/utility/mqtt_client_byte_buffer.dart
DA:23,5
DA:24,15
DA:27,4
DA:28,8
DA:29,8
DA:30,12
DA:33,1
DA:35,5
DA:37,4
DA:39,1
DA:43,1
DA:49,15
DA:50,20
DA:51,10
DA:60,5
DA:61,5
DA:62,10
DA:68,30
DA:69,1
DA:71,3
DA:73,5
DA:74,30
DA:75,10
DA:76,5
DA:77,5
DA:84,15
DA:85,8
DA:86,8
DA:88,6
DA:90,10
DA:95,10
DA:96,10
DA:103,5
DA:104,1
DA:106,10
DA:108,15
DA:109,10
DA:115,14
DA:116,4
DA:118,2
DA:123,4
DA:131,4
DA:132,4
DA:133,4
DA:138,4
DA:144,4
DA:145,4
DA:146,4
DA:147,4
DA:148,4
end_of_record
SF:/mnt/dev-1/Development/google/dart/projects/mqtt_client/lib/src/messages/mqtt_client_mqtt_message.dart
DA:27,6
DA:30,0
DA:37,4
DA:40,4
DA:42,4
DA:45,1
DA:52,8
DA:59,6
DA:60,6
DA:61,24
DA:62,18
DA:63,6
end_of_record
SF:/mnt/dev-1/Development/google/dart/projects/mqtt_client/lib/src/mqtt_client_publishing_manager.dart
DA:60,3
DA:61,3
DA:62,3
DA:63,3
DA:64,3
DA:65,3
DA:66,3
DA:67,3
DA:68,3
DA:69,3
DA:70,3
DA:71,3
DA:81,2
DA:82,4
DA:83,2
DA:84,4
DA:85,2
DA:86,2
DA:87,2
DA:89,2
DA:90,2
DA:91,4
DA:93,4
DA:100,1
DA:102,2
DA:103,3
DA:104,4
DA:111,2
DA:115,6
DA:116,6
DA:119,4
DA:120,6
DA:123,4
DA:124,2
DA:125,6
DA:126,4
DA:127,3
DA:132,1
DA:133,3
DA:134,4
DA:137,1
DA:138,3
DA:139,2
DA:150,1
DA:154,4
DA:158,3
DA:159,2
DA:161,1
DA:162,3
DA:163,2
DA:175,1
DA:177,4
DA:188,1
DA:190,1
DA:191,3
DA:192,1
DA:193,3
DA:194,2
end_of_record
SF:/mnt/dev-1/Development/google/dart/projects/mqtt_client/lib/src/utility/mqtt_client_utilities.dart
DA:15,8
DA:21,2
end_of_record
SF:/mnt/dev-1/Development/google/dart/projects/mqtt_client/lib/src/messages/mqtt_client_mqtt_header.dart
DA:13,6
DA:16,4
DA:17,4
DA:41,2
DA:44,2
DA:45,1
DA:47,1
DA:52,4
DA:53,4
DA:54,4
DA:59,8
DA:60,1
DA:63,4
DA:65,12
DA:66,16
DA:67,16
DA:68,16
DA:72,8
DA:74,0
DA:75,0
DA:82,4
DA:86,12
DA:87,8
DA:88,12
DA:89,4
DA:90,8
DA:91,4
DA:92,4
DA:93,8
DA:98,4
DA:99,4
DA:104,4
DA:109,4
DA:110,4
DA:111,16
DA:117,4
DA:118,4
DA:123,4
DA:124,4
DA:125,4
DA:126,1
DA:128,4
DA:129,4
DA:139,8
DA:140,12
DA:141,4
DA:148,1
DA:154,4
DA:160,6
DA:166,1
DA:171,36
end_of_record
SF:/mnt/dev-1/Development/google/dart/projects/mqtt_client/lib/src/messages/publishrelease/mqtt_client_mqtt_publish_release_message.dart
DA:16,2
DA:17,6
DA:18,4
DA:23,1
DA:24,1
DA:25,1
DA:26,1
DA:31,4
DA:32,2
DA:37,4
DA:42,2
DA:43,4
DA:44,6
DA:45,2
end_of_record
SF:/mnt/dev-1/Development/google/dart/projects/mqtt_client/lib/src/connectionhandling/mqtt_client_mqtt_connection_keep_alive.dart
DA:17,3
DA:18,3
DA:19,6
DA:21,3
DA:22,3
DA:23,3
DA:24,3
DA:25,6
DA:27,6
DA:28,9
DA:45,3
DA:48,3
DA:50,3
DA:51,9
DA:52,6
DA:54,6
DA:55,9
DA:56,3
DA:63,2
DA:66,2
DA:68,2
DA:69,4
DA:70,2
DA:86,6
end_of_record
SF:/mnt/dev-1/Development/google/dart/projects/mqtt_client/lib/src/connectionhandling/mqtt_client_mqtt_connection_handler.dart
DA:38,5
DA:42,3
DA:44,6
DA:45,6
DA:47,1
DA:50,1
DA:58,6
DA:59,6
DA:60,6
DA:61,3
DA:62,3
DA:63,3
DA:64,3
DA:65,6
DA:67,6
DA:68,3
DA:71,3
DA:80,4
DA:81,2
DA:88,10
DA:93,0
DA:98,6
DA:103,0
DA:109,18
DA:110,9
end_of_record
SF:/mnt/dev-1/Development/google/dart/projects/mqtt_client/lib/src/messages/unsubscribe/mqtt_client_mqtt_unsubscribe_variable_header.dart
DA:13,2
DA:16,1
DA:17,1
DA:22,1
DA:27,1
DA:36,4
end_of_record
SF:/mnt/dev-1/Development/google/dart/projects/mqtt_client/lib/src/messages/subscribe/mqtt_client_mqtt_subscribe_payload.dart
DA:19,2
DA:24,1
DA:25,1
DA:26,1
DA:27,1
DA:32,2
DA:33,1
DA:34,2
DA:41,5
DA:43,1
DA:44,1
DA:45,2
DA:46,1
DA:47,2
DA:48,1
DA:55,1
DA:56,2
DA:57,2
DA:58,1
DA:65,4
DA:70,2
DA:74,2
DA:75,8
DA:76,4
DA:77,4
DA:79,2
end_of_record
SF:/mnt/dev-1/Development/google/dart/projects/mqtt_client/lib/src/connectionhandling/mqtt_client_mqtt_ws_connection.dart
DA:13,1
DA:16,0
DA:17,0
DA:22,1
DA:26,1
DA:29,1
DA:30,1
DA:32,2
DA:34,1
DA:35,1
DA:38,1
DA:40,1
DA:41,2
DA:44,2
DA:45,1
DA:46,2
DA:47,1
DA:48,1
DA:49,1
DA:52,0
DA:53,0
DA:55,1
end_of_record
