SF:/mnt/dev-1/Development/google/dart/projects/mqtt_client/lib/src/messages/subscribeack/mqtt_client_mqtt_subscribe_ack_payload.dart
DA:19,2
DA:24,1
DA:25,1
DA:26,1
DA:27,1
DA:32,2
DA:33,2
DA:40,5
DA:42,1
DA:43,2
DA:44,1
DA:45,1
DA:51,2
DA:56,4
DA:61,2
DA:65,1
DA:66,4
DA:67,2
DA:68,2
DA:70,1
end_of_record
SF:/mnt/dev-1/Development/google/dart/projects/mqtt_client/lib/src/messages/publishcomplete/mqtt_client_mqtt_publish_complete_message.dart
DA:16,2
DA:17,6
DA:18,4
DA:23,1
DA:24,1
DA:25,1
DA:26,1
DA:31,4
DA:32,2
DA:37,4
DA:42,2
DA:43,4
DA:44,6
DA:45,2
end_of_record
SF:/mnt/dev-1/Development/google/dart/projects/mqtt_client/lib/src/messages/publishrelease/mqtt_client_mqtt_publish_release_variable_header.dart
DA:13,2
DA:16,1
DA:17,1
DA:22,1
DA:27,1
DA:36,4
end_of_record
SF:/mnt/dev-1/Development/google/dart/projects/mqtt_client/lib/src/messages/connect/mqtt_client_mqtt_connect_flags.dart
DA:21,5
DA:24,3
DA:25,3
DA:29,6
DA:30,9
DA:31,9
DA:32,12
DA:33,9
DA:34,9
DA:35,6
DA:40,6
DA:45,3
DA:47,9
DA:48,9
DA:49,9
DA:50,12
DA:51,9
DA:52,9
DA:53,9
DA:63,15
DA:64,12
end_of_record
SF:/mnt/dev-1/Development/google/dart/projects/mqtt_client/lib/src/dataconvertors/mqtt_client_passthru_payload_convertor.dart
end_of_record
SF:/mnt/dev-1/Development/google/dart/projects/mqtt_client/lib/src/messages/publish/mqtt_client_mqtt_publish_variable_header.dart
DA:16,3
DA:17,3
DA:22,1
DA:23,1
DA:24,1
DA:29,1
DA:30,3
DA:31,3
DA:32,0
DA:38,1
DA:39,3
DA:40,3
DA:41,1
DA:48,1
DA:49,3
DA:50,3
DA:51,3
DA:52,1
DA:58,8
end_of_record
SF:/mnt/dev-1/Development/google/dart/projects/mqtt_client/lib/src/mqtt_client_mqtt_received_message.dart
DA:19,1
DA:20,1
DA:21,1
end_of_record
SF:/mnt/dev-1/Development/google/dart/projects/mqtt_client/lib/src/mqtt_client.dart
DA:15,0
DA:16,0
DA:23,0
DA:49,0
DA:50,0
DA:60,0
DA:61,0
DA:63,0
DA:64,0
DA:66,0
DA:67,0
DA:68,0
DA:73,0
DA:74,0
DA:76,0
DA:77,0
DA:78,0
DA:80,0
DA:81,0
DA:82,0
DA:84,0
DA:85,0
DA:86,0
DA:87,0
DA:88,0
DA:89,0
DA:90,0
DA:91,0
DA:92,0
DA:97,0
DA:98,0
DA:99,0
DA:100,0
DA:101,0
DA:102,0
DA:104,0
DA:113,0
DA:114,0
DA:116,0
DA:124,0
DA:125,0
DA:128,0
DA:129,0
DA:131,0
DA:137,0
DA:142,0
DA:147,0
DA:148,0
DA:149,0
DA:150,0
DA:151,0
DA:152,0
end_of_record
SF:/mnt/dev-1/Development/google/dart/projects/mqtt_client/lib/src/messages/subscribeack/mqtt_client_mqtt_subscribe_ack_variable_header.dart
DA:13,2
DA:16,1
DA:17,1
DA:22,1
DA:27,1
DA:36,2
end_of_record
SF:/mnt/dev-1/Development/google/dart/projects/mqtt_client/lib/src/exception/mqtt_client_client_identifier_exception.dart
DA:14,2
DA:15,2
DA:17,2
DA:19,2
DA:23,1
end_of_record
SF:/mnt/dev-1/Development/google/dart/projects/mqtt_client/lib/src/messages/subscribeack/mqtt_client_mqtt_subscribe_ack_message.dart
DA:19,2
DA:20,6
DA:21,4
DA:22,4
DA:27,1
DA:28,1
DA:29,1
DA:34,2
DA:35,5
DA:37,2
DA:38,2
DA:43,1
DA:44,1
DA:45,2
DA:46,2
DA:51,4
DA:57,4
DA:62,1
DA:63,2
DA:64,3
DA:65,3
DA:66,1
end_of_record
SF:/mnt/dev-1/Development/google/dart/projects/mqtt_client/lib/src/messages/subscribe/mqtt_client_mqtt_subscribe_message.dart
DA:21,2
DA:22,6
DA:23,4
DA:24,4
DA:29,1
DA:30,1
DA:31,1
DA:36,2
DA:37,5
DA:39,2
DA:40,2
DA:45,1
DA:46,1
DA:47,2
DA:48,2
DA:54,2
DA:55,4
DA:61,8
DA:62,8
DA:69,4
DA:75,2
DA:82,2
DA:87,2
DA:88,4
DA:89,6
DA:90,6
DA:91,2
end_of_record
SF:/mnt/dev-1/Development/google/dart/projects/mqtt_client/lib/src/messages/unsubscribe/mqtt_client_mqtt_unsubscribe_message.dart
DA:19,2
DA:20,6
DA:21,4
DA:22,4
DA:27,1
DA:28,1
DA:29,1
DA:34,2
DA:35,5
DA:37,2
DA:38,2
DA:43,1
DA:44,1
DA:45,2
DA:46,2
DA:51,4
DA:57,4
DA:63,2
DA:70,2
DA:75,2
DA:76,4
DA:77,6
DA:78,6
DA:79,2
end_of_record
SF:/mnt/dev-1/Development/google/dart/projects/mqtt_client/lib/src/messages/mqtt_client_mqtt_message_factory.dart
DA:16,3
DA:17,3
DA:18,3
DA:20,3
DA:22,3
DA:24,3
DA:25,1
DA:27,3
DA:29,1
DA:31,3
DA:33,1
DA:35,3
DA:37,1
DA:39,3
DA:41,1
DA:43,3
DA:45,1
DA:47,3
DA:49,1
DA:51,3
DA:53,1
DA:55,3
DA:57,1
DA:59,3
DA:60,3
DA:62,3
DA:63,1
DA:65,3
DA:66,3
DA:69,1
DA:71,1
end_of_record
SF:/mnt/dev-1/Development/google/dart/projects/mqtt_client/lib/src/messages/publishcomplete/mqtt_client_mqtt_publish_complete_variable_header.dart
DA:13,2
DA:17,1
DA:18,1
DA:23,1
DA:28,1
DA:37,4
end_of_record
SF:/mnt/dev-1/Development/google/dart/projects/mqtt_client/lib/src/messages/pingresponse/mqtt_client_mqtt_ping_response_message.dart
DA:13,2
DA:14,6
DA:18,1
DA:19,1
DA:23,1
DA:24,2
DA:25,1
end_of_record
SF:/mnt/dev-1/Development/google/dart/projects/mqtt_client/lib/src/messages/unsubscribeack/mqtt_client_mqtt_unsubscribe_ack_message.dart
DA:16,2
DA:17,6
DA:18,4
DA:23,1
DA:24,1
DA:25,1
DA:30,4
DA:31,2
DA:36,1
DA:37,1
DA:42,4
DA:47,1
DA:48,2
DA:49,3
DA:50,1
end_of_record
SF:/mnt/dev-1/Development/google/dart/projects/mqtt_client/lib/src/messages/publish/mqtt_client_mqtt_publish_payload.dart
DA:19,3
DA:20,6
DA:25,1
DA:26,1
DA:27,1
DA:28,1
DA:36,5
DA:37,2
DA:42,2
DA:47,2
DA:52,10
DA:57,2
DA:58,4
DA:59,2
DA:60,2
DA:61,2
DA:63,2
DA:68,1
DA:69,2
DA:70,1
DA:72,1
end_of_record
SF:/mnt/dev-1/Development/google/dart/projects/mqtt_client/lib/src/messages/publishack/mqtt_client_mqtt_publish_ack_message.dart
DA:16,3
DA:17,9
DA:18,6
DA:23,1
DA:24,1
DA:25,1
DA:26,1
DA:31,4
DA:32,2
DA:37,6
DA:42,3
DA:43,6
DA:44,9
DA:45,3
end_of_record
SF:/mnt/dev-1/Development/google/dart/projects/mqtt_client/lib/src/connectionhandling/mqtt_client_synchronous_mqtt_connection_handler.dart
DA:20,2
DA:23,2
DA:24,2
DA:25,2
DA:26,2
DA:27,2
DA:29,2
DA:31,6
DA:32,4
DA:33,6
DA:35,2
DA:37,2
DA:38,2
DA:39,4
DA:41,4
DA:42,2
DA:43,4
DA:44,4
DA:45,0
DA:47,4
DA:49,0
DA:50,0
DA:55,2
DA:56,4
DA:57,2
DA:58,0
DA:61,2
DA:63,2
DA:64,4
DA:65,2
DA:66,2
DA:67,2
DA:73,4
DA:74,2
DA:79,2
DA:81,2
DA:83,6
DA:85,6
DA:87,6
DA:89,6
DA:91,6
DA:93,0
DA:95,0
DA:98,2
DA:100,2
DA:103,0
end_of_record
SF:/mnt/dev-1/Development/google/dart/projects/mqtt_client/lib/src/exception/mqtt_client_invalid_header_exception.dart
DA:14,2
DA:15,2
DA:16,2
DA:20,1
end_of_record
SF:/mnt/dev-1/Development/google/dart/projects/mqtt_client/lib/src/exception/mqtt_client_invalid_message_exception.dart
DA:14,2
DA:15,2
DA:16,2
DA:20,1
end_of_record
SF:/mnt/dev-1/Development/google/dart/projects/mqtt_client/lib/src/mqtt_client_topic.dart
DA:24,3
DA:25,3
DA:26,9
DA:28,6
DA:29,3
DA:36,9
DA:37,1
DA:39,1
DA:40,2
DA:46,6
DA:47,6
DA:53,6
DA:54,1
DA:62,2
DA:71,4
DA:77,2
end_of_record
SF:/mnt/dev-1/Development/google/dart/projects/mqtt_client/lib/src/messages/subscribe/mqtt_client_mqtt_subscribe_variable_header.dart
DA:13,2
DA:16,1
DA:17,1
DA:22,1
DA:27,1
DA:36,4
end_of_record
SF:/mnt/dev-1/Development/google/dart/projects/mqtt_client/lib/src/mqtt_client_subscription_topic.dart
DA:15,4
DA:26,4
DA:28,2
DA:29,2
DA:30,2
DA:32,1
DA:39,4
DA:40,2
DA:41,1
DA:44,6
DA:45,4
DA:46,2
DA:47,1
DA:58,2
DA:62,3
DA:66,4
DA:67,2
DA:71,1
DA:74,1
DA:78,3
DA:84,2
DA:86,1
DA:93,4
DA:94,5
end_of_record
SF:/mnt/dev-1/Development/google/dart/projects/mqtt_client/lib/src/messages/connectack/mqtt_client_mqtt_connect_ack_variable_header.dart
DA:13,3
DA:17,3
DA:22,3
DA:23,3
DA:29,3
DA:30,3
DA:42,6
end_of_record
SF:/mnt/dev-1/Development/google/dart/projects/mqtt_client/lib/src/messages/connect/mqtt_client_mqtt_connect_variable_header.dart
DA:13,3
DA:17,3
DA:21,3
DA:22,3
DA:23,3
DA:24,3
DA:29,3
DA:30,3
DA:31,3
DA:32,3
DA:38,3
DA:39,9
DA:40,3
DA:41,6
DA:42,3
DA:48,6
DA:49,12
end_of_record
SF:/mnt/dev-1/Development/google/dart/projects/mqtt_client/lib/src/mqtt_client_events.dart
DA:13,2
DA:18,2
DA:24,2
DA:29,1
DA:34,1
end_of_record
SF:/mnt/dev-1/Development/google/dart/projects/mqtt_client/lib/src/messages/mqtt_client_mqtt_variable_header.dart
DA:41,5
DA:42,5
DA:43,5
DA:44,10
DA:48,3
DA:49,3
DA:56,1
DA:57,1
DA:58,1
DA:59,1
DA:60,1
DA:61,1
DA:62,1
DA:69,1
DA:70,1
DA:71,1
DA:72,1
DA:73,1
DA:74,1
DA:75,1
DA:82,1
DA:83,3
DA:84,1
DA:85,2
DA:86,1
DA:87,1
DA:88,4
DA:89,1
DA:96,6
DA:100,6
DA:104,6
DA:108,9
DA:112,3
DA:116,2
DA:120,6
DA:126,6
DA:127,15
DA:131,6
DA:132,6
DA:136,6
DA:137,6
DA:141,9
DA:142,6
DA:146,2
DA:147,5
DA:151,2
DA:152,2
DA:156,6
DA:157,6
end_of_record
SF:/mnt/dev-1/Development/google/dart/projects/mqtt_client/lib/src/messages/unsubscribe/mqtt_client_mqtt_unsubscribe_payload.dart
DA:19,2
DA:24,1
DA:25,1
DA:26,1
DA:27,1
DA:32,2
DA:33,1
DA:40,5
DA:42,1
DA:43,1
DA:44,3
DA:45,1
DA:52,1
DA:53,2
DA:54,2
DA:61,4
DA:66,2
DA:70,2
DA:71,8
DA:72,4
DA:73,4
DA:75,2
end_of_record
SF:/mnt/dev-1/Development/google/dart/projects/mqtt_client/lib/src/messages/publish/mqtt_client_mqtt_publish_message.dart
DA:19,3
DA:20,9
DA:21,9
DA:22,6
DA:27,1
DA:28,1
DA:29,1
DA:34,1
DA:35,2
DA:36,1
DA:37,2
DA:38,2
DA:43,2
DA:44,2
DA:45,3
DA:46,2
DA:47,2
DA:52,6
DA:58,9
DA:64,6
DA:70,6
DA:76,3
DA:81,2
DA:82,4
DA:83,6
DA:84,6
DA:85,2
end_of_record
SF:/mnt/dev-1/Development/google/dart/projects/mqtt_client/lib/src/messages/disconnect/mqtt_client_mqtt_disconnect_message.dart
DA:13,3
DA:14,9
DA:18,3
DA:19,3
DA:23,3
DA:24,6
DA:25,3
end_of_record
SF:/mnt/dev-1/Development/google/dart/projects/mqtt_client/lib/src/exception/mqtt_client_invalid_topic_exception.dart
DA:14,1
DA:15,1
DA:16,1
DA:19,1
end_of_record
SF:/mnt/dev-1/Development/google/dart/projects/mqtt_client/lib/src/exception/mqtt_client_invalid_payload_size_exception.dart
DA:14,2
DA:15,2
DA:17,2
DA:21,1
end_of_record
SF:/mnt/dev-1/Development/google/dart/projects/mqtt_client/lib/src/messages/unsubscribeack/mqtt_client_mqtt_unsubscribe_ack_variable_header.dart
DA:13,2
DA:16,1
DA:17,1
DA:22,1
DA:27,1
DA:36,2
end_of_record
SF:/mnt/dev-1/Development/google/dart/projects/mqtt_client/lib/src/mqtt_client_publication_topic.dart
DA:14,6
DA:22,3
DA:23,1
end_of_record
SF:/mnt/dev-1/Development/google/dart/projects/mqtt_client/lib/src/utility/mqtt_client_logger.dart
DA:18,0
DA:19,0
end_of_record
SF:/mnt/dev-1/Development/google/dart/projects/mqtt_client/lib/src/exception/mqtt_client_noconnection_exception.dart
DA:14,1
DA:15,1
DA:16,1
DA:20,1
end_of_record
SF:/mnt/dev-1/Development/google/dart/projects/mqtt_client/lib/src/messages/pingrequest/mqtt_client_mqtt_ping_request_message.dart
DA:13,3
DA:14,9
DA:18,3
DA:19,3
DA:23,3
DA:24,6
DA:25,3
end_of_record
SF:/mnt/dev-1/Development/google/dart/projects/mqtt_client/lib/src/messages/connect/mqtt_client_mqtt_connect_message.dart
DA:14,3
DA:15,9
DA:16,6
DA:17,9
DA:22,3
DA:23,3
DA:24,3
DA:29,2
DA:35,2
DA:41,3
DA:47,2
DA:53,3
DA:59,3
DA:65,3
DA:71,6
DA:77,2
DA:83,2
DA:90,4
DA:91,2
DA:94,4
DA:95,2
DA:108,6
DA:109,15
DA:111,6
DA:112,6
DA:117,3
DA:118,3
DA:119,6
DA:120,3
DA:124,3
DA:125,6
DA:126,9
DA:127,9
DA:128,3
end_of_record
SF:/mnt/dev-1/Development/google/dart/projects/mqtt_client/lib/src/mqtt_client_message_identifier_dispenser.dart
DA:22,4
DA:23,4
DA:27,3
DA:28,1
DA:30,1
end_of_record
SF:/mnt/dev-1/Development/google/dart/projects/mqtt_client/lib/src/connectionhandling/mqtt_client_mqtt_connection.dart
DA:13,2
DA:14,4
DA:36,1
DA:39,0
DA:40,0
DA:45,1
DA:48,2
DA:49,1
DA:50,2
DA:51,1
DA:52,1
DA:53,2
DA:56,0
DA:57,0
DA:59,1
DA:64,5
DA:69,1
DA:71,2
DA:74,3
DA:80,1
DA:81,1
DA:83,0
DA:87,2
DA:88,2
DA:89,1
DA:95,1
DA:101,1
DA:102,1
DA:103,0
DA:110,1
DA:111,2
DA:117,1
DA:120,1
DA:122,2
DA:123,3
DA:124,1
DA:129,0
DA:130,0
end_of_record
SF:/mnt/dev-1/Development/google/dart/projects/mqtt_client/lib/src/messages/publishreceived/mqtt_client_mqtt_publish_received_message.dart
DA:16,2
DA:17,6
DA:18,4
DA:23,1
DA:24,1
DA:25,1
DA:26,1
DA:31,4
DA:32,2
DA:37,4
DA:42,2
DA:43,4
DA:44,6
DA:45,2
end_of_record
SF:/mnt/dev-1/Development/google/dart/projects/mqtt_client/lib/src/messages/connectack/mqtt_client_mqtt_connect_ack_message.dart
DA:14,3
DA:15,9
DA:16,6
DA:17,6
DA:25,3
DA:26,3
DA:27,3
DA:32,3
DA:33,3
DA:34,3
DA:39,12
DA:40,6
DA:45,6
DA:50,3
DA:51,6
DA:52,9
DA:53,3
end_of_record
SF:/mnt/dev-1/Development/google/dart/projects/mqtt_client/lib/src/messages/publishreceived/mqtt_client_mqtt_publish_received_variable_header.dart
DA:13,2
DA:17,1
DA:18,1
DA:23,1
DA:28,1
DA:37,4
end_of_record
SF:/mnt/dev-1/Development/google/dart/projects/mqtt_client/lib/src/messages/mqtt_client_mqtt_payload.dart
DA:13,5
DA:16,0
DA:17,0
end_of_record
SF:/mnt/dev-1/Development/google/dart/projects/mqtt_client/lib/src/exception/mqtt_client_connection_exception.dart
DA:17,1
DA:18,1
DA:20,3
DA:24,1
end_of_record
SF:/mnt/dev-1/Development/google/dart/projects/mqtt_client/lib/src/mqtt_client_subscriptions_manager.dart
DA:34,1
DA:35,1
DA:36,1
DA:38,1
DA:39,2
DA:41,1
DA:42,2
DA:44,1
DA:45,2
DA:51,1
DA:53,1
DA:60,2
DA:63,2
DA:64,0
DA:69,0
DA:76,1
DA:79,2
DA:83,1
DA:84,1
DA:85,1
DA:86,1
DA:87,1
DA:88,2
DA:89,1
DA:90,3
DA:92,1
DA:93,2
DA:94,3
DA:95,2
DA:96,2
DA:97,1
DA:99,0
DA:106,3
DA:107,2
DA:109,3
DA:110,3
DA:117,1
DA:119,1
DA:120,2
DA:126,1
DA:127,2
DA:128,1
DA:129,1
DA:130,2
DA:136,1
DA:137,1
DA:138,3
DA:140,4
DA:141,1
DA:142,1
DA:143,2
DA:144,4
DA:145,4
DA:153,1
DA:156,2
DA:157,2
DA:158,2
DA:165,2
DA:166,2
DA:174,2
DA:177,2
DA:178,3
end_of_record
SF:/mnt/dev-1/Development/google/dart/projects/mqtt_client/lib/src/messages/publishack/mqtt_client_mqtt_publish_ack_variable_header.dart
DA:13,3
DA:16,1
DA:17,1
DA:22,1
DA:27,1
DA:36,6
end_of_record
SF:/mnt/dev-1/Development/google/dart/projects/mqtt_client/lib/src/encoding/mqtt_client_mqtt_encoding.dart
DA:17,4
DA:18,4
DA:19,12
DA:20,12
DA:21,12
DA:27,12
DA:32,8
DA:33,1
DA:36,16
DA:41,4
DA:42,8
DA:47,12
DA:48,8
DA:49,1
end_of_record
SF:/mnt/dev-1/Development/google/dart/projects/mqtt_client/lib/src/messages/connect/mqtt_client_mqtt_connect_payload.dart
DA:13,3
DA:14,3
DA:19,3
DA:20,3
DA:21,3
DA:26,3
DA:29,6
DA:30,1
DA:32,3
DA:38,1
DA:40,2
DA:43,1
DA:45,2
DA:51,6
DA:52,9
DA:53,2
DA:54,2
DA:56,9
DA:57,0
DA:59,9
DA:60,0
DA:66,6
DA:67,9
DA:68,2
DA:69,2
DA:71,9
DA:72,0
DA:74,9
DA:75,0
DA:81,3
DA:82,9
DA:83,9
DA:84,3
DA:85,3
DA:87,9
DA:88,0
DA:90,9
DA:91,0
end_of_record
SF:/mnt/dev-1/Development/google/dart/projects/mqtt_client/lib/src/dataconvertors/mqtt_client_ascii_payload_convertor.dart
DA:14,1
DA:15,2
DA:20,1
DA:21,1
DA:22,2
end_of_record
SF:/mnt/dev-1/Development/google/dart/projects/mqtt_client/lib/src/utility/mqtt_client_byte_buffer.dart
DA:23,4
DA:24,12
DA:27,3
DA:28,6
DA:29,6
DA:30,9
DA:33,1
DA:35,4
DA:37,3
DA:39,1
DA:43,1
DA:49,12
DA:50,16
DA:51,8
DA:60,4
DA:61,4
DA:62,8
DA:68,24
DA:69,1
DA:71,3
DA:73,4
DA:74,24
DA:75,8
DA:76,4
DA:77,4
DA:84,12
DA:85,6
DA:86,6
DA:88,6
DA:90,8
DA:95,8
DA:96,8
DA:103,4
DA:104,1
DA:106,8
DA:108,12
DA:109,8
DA:115,11
DA:116,3
DA:118,2
DA:123,3
DA:131,3
DA:132,3
DA:133,3
DA:138,3
DA:144,3
DA:145,3
DA:146,3
DA:147,3
DA:148,3
end_of_record
SF:/mnt/dev-1/Development/google/dart/projects/mqtt_client/lib/src/mqtt_client_publishing_manager.dart
DA:60,2
DA:61,2
DA:62,2
DA:63,2
DA:64,2
DA:65,2
DA:66,2
DA:67,2
DA:68,2
DA:69,2
DA:70,2
DA:71,2
DA:81,1
DA:82,2
DA:83,1
DA:84,2
DA:85,1
DA:86,1
DA:87,1
DA:89,1
DA:90,1
DA:91,2
DA:93,2
DA:100,1
DA:102,2
DA:103,3
DA:104,4
DA:111,2
DA:115,6
DA:116,6
DA:119,4
DA:120,6
DA:123,4
DA:124,2
DA:125,6
DA:126,4
DA:127,3
DA:132,1
DA:133,3
DA:134,4
DA:137,1
DA:138,3
DA:139,2
DA:150,1
DA:154,4
DA:158,3
DA:159,2
DA:161,1
DA:162,3
DA:163,2
DA:175,1
DA:177,4
DA:188,1
DA:190,1
DA:191,3
DA:192,1
DA:193,3
DA:194,2
end_of_record
SF:/mnt/dev-1/Development/google/dart/projects/mqtt_client/lib/src/messages/mqtt_client_mqtt_message.dart
DA:27,5
DA:30,0
DA:37,3
DA:40,3
DA:42,3
DA:45,1
DA:52,6
DA:59,5
DA:60,5
DA:61,20
DA:62,15
DA:63,5
end_of_record
SF:/mnt/dev-1/Development/google/dart/projects/mqtt_client/lib/src/utility/mqtt_client_utilities.dart
DA:15,6
DA:21,2
end_of_record
SF:/mnt/dev-1/Development/google/dart/projects/mqtt_client/lib/src/messages/mqtt_client_mqtt_header.dart
DA:13,5
DA:16,3
DA:17,3
DA:41,1
DA:44,2
DA:45,1
DA:47,1
DA:52,3
DA:53,3
DA:54,3
DA:59,6
DA:60,1
DA:63,3
DA:65,9
DA:66,12
DA:67,12
DA:68,12
DA:72,6
DA:74,0
DA:75,0
DA:82,3
DA:86,9
DA:87,6
DA:88,9
DA:89,3
DA:90,6
DA:91,3
DA:92,3
DA:93,6
DA:98,3
DA:99,3
DA:104,3
DA:109,3
DA:110,3
DA:111,12
DA:117,3
DA:118,3
DA:123,3
DA:124,3
DA:125,3
DA:126,1
DA:128,3
DA:129,3
DA:139,6
DA:140,9
DA:141,3
DA:148,1
DA:154,3
DA:160,5
DA:166,1
DA:171,30
end_of_record
SF:/mnt/dev-1/Development/google/dart/projects/mqtt_client/lib/src/messages/publishrelease/mqtt_client_mqtt_publish_release_message.dart
DA:16,2
DA:17,6
DA:18,4
DA:23,1
DA:24,1
DA:25,1
DA:26,1
DA:31,4
DA:32,2
DA:37,4
DA:42,2
DA:43,4
DA:44,6
DA:45,2
end_of_record
SF:/mnt/dev-1/Development/google/dart/projects/mqtt_client/lib/src/connectionhandling/mqtt_client_mqtt_connection_keep_alive.dart
DA:17,2
DA:18,2
DA:19,4
DA:21,2
DA:22,2
DA:23,2
DA:24,2
DA:25,4
DA:27,4
DA:28,4
DA:29,2
DA:45,2
DA:48,2
DA:50,2
DA:51,4
DA:52,4
DA:53,4
DA:54,2
DA:55,2
DA:62,1
DA:65,1
DA:67,1
DA:68,2
DA:69,1
DA:85,4
end_of_record
SF:/mnt/dev-1/Development/google/dart/projects/mqtt_client/lib/src/connectionhandling/mqtt_client_mqtt_connection_handler.dart
DA:28,4
DA:32,2
DA:34,4
DA:35,4
DA:37,0
DA:40,0
DA:48,4
DA:49,2
DA:50,2
DA:51,2
DA:52,2
DA:53,4
DA:55,4
DA:56,2
DA:65,4
DA:66,0
DA:73,8
DA:78,0
DA:83,4
DA:88,0
DA:94,12
DA:95,6
end_of_record
SF:/mnt/dev-1/Development/google/dart/projects/mqtt_client/lib/src/messages/unsubscribe/mqtt_client_mqtt_unsubscribe_variable_header.dart
DA:13,2
DA:16,1
DA:17,1
DA:22,1
DA:27,1
DA:36,4
end_of_record
SF:/mnt/dev-1/Development/google/dart/projects/mqtt_client/lib/src/messages/subscribe/mqtt_client_mqtt_subscribe_payload.dart
DA:19,2
DA:24,1
DA:25,1
DA:26,1
DA:27,1
DA:32,2
DA:33,1
DA:34,2
DA:41,5
DA:43,1
DA:44,1
DA:45,2
DA:46,1
DA:47,2
DA:48,1
DA:55,1
DA:56,2
DA:57,2
DA:58,1
DA:65,4
DA:70,2
DA:74,2
DA:75,8
DA:76,4
DA:77,4
DA:79,2
end_of_record
SF:/mnt/dev-1/Development/google/dart/projects/mqtt_client/lib/src/connectionhandling/mqtt_client_mqtt_ws_connection.dart
DA:25,1
DA:28,0
DA:29,0
DA:34,1
DA:38,1
DA:41,0
DA:42,0
DA:45,1
DA:47,1
DA:48,2
DA:51,2
DA:52,1
DA:53,2
DA:54,1
DA:55,1
DA:56,1
DA:59,0
DA:60,0
DA:62,1
DA:67,5
DA:72,1
DA:74,2
DA:77,3
DA:83,1
DA:84,1
DA:86,0
DA:90,2
DA:91,2
DA:92,1
DA:98,0
DA:104,1
DA:105,1
DA:106,0
DA:113,1
DA:114,2
DA:120,1
DA:123,1
DA:125,2
DA:126,3
DA:127,1
DA:132,0
DA:133,0
end_of_record
